  main.cpp
C:\Users\espin\OneDrive\Documentos\Semestre2024\Criptografia\Algoritmos\Criptografia_clasica\Criptografia_clasica\encode\LFSR.h(64,30): warning C4018: '<': no coinciden signed/unsigned
C:\Users\espin\OneDrive\Documentos\Semestre2024\Criptografia\Algoritmos\Criptografia_clasica\Criptografia_clasica\encode\LFSR.h(65,31): warning C4018: '<': no coinciden signed/unsigned
C:\Users\espin\OneDrive\Documentos\Semestre2024\Criptografia\Algoritmos\Criptografia_clasica\Criptografia_clasica\encode\Hamill.h(97,40): warning C4244: 'argumento': conversión de 'wchar_t' a 'const _Elem'; posible pérdida de datos
          with
          [
              _Elem=char
          ]
C:\Users\espin\OneDrive\Documentos\Semestre2024\Criptografia\Algoritmos\Criptografia_clasica\Criptografia_clasica\encode\Hamill.h(204,47): warning C4244: 'argumento': conversión de 'const wchar_t' a 'const _Elem'; posible pérdida de datos
          with
          [
              _Elem=char
          ]
C:\Users\espin\OneDrive\Documentos\Semestre2024\Criptografia\Algoritmos\Criptografia_clasica\Criptografia_clasica\encode\Hamill.h(222,41): warning C4244: 'argumento': conversión de 'wchar_t' a 'const _Elem'; posible pérdida de datos
          with
          [
              _Elem=char
          ]
C:\Users\espin\OneDrive\Documentos\Semestre2024\Criptografia\Algoritmos\Criptografia_clasica\Criptografia_clasica\encode\Hamill.h(231,1): warning C4267: 'argumento': conversión de 'size_t' a 'const _Elem'; posible pérdida de datos
          with
          [
              _Elem=char
          ]
C:\Users\espin\OneDrive\Documentos\Semestre2024\Criptografia\Algoritmos\Criptografia_clasica\Criptografia_clasica\encode\Hamill.h(243,1): warning C4267: 'argumento': conversión de 'size_t' a 'const _Elem'; posible pérdida de datos
          with
          [
              _Elem=char
          ]
  Generando código
  313 of 351 functions (89.2%) were compiled, the rest were copied from previous compilation.
    0 functions were new in current compilation
    7 functions had inline decision re-evaluated but remain unchanged
  Generación de código finalizada
  Criptografia_clasica.vcxproj -> C:\Users\espin\OneDrive\Documentos\Semestre2024\Criptografia\Algoritmos\Criptografia_clasica\Release\Criptografia_clasica.exe
